<?xml version="1.0" encoding="UTF-8"?>
<!-- Generated by org.testng.reporters.JUnitXMLReporter -->
<testsuite hostname="LAPTOP-I2DQ2R0M" ignored="4" name="Default test(failed)" tests="1" failures="0" timestamp="13 Jun 2019 10:00:58 GMT" time="77.527" errors="0">
  <testcase name="RecurringPayment" time="75.664" classname="MyAccount.com.Test.PaymentTest"/>
  <testcase name="SignedInvoices" time="0.0" classname="MyAccount.com.Test.PaymentTest">
    <ignored/>
  </testcase> <!-- SignedInvoices -->
  <testcase name="AccountStatement" time="0.0" classname="MyAccount.com.Test.PaymentTest">
    <ignored/>
  </testcase> <!-- AccountStatement -->
  <testcase name="PayNow" time="0.0" classname="MyAccount.com.Test.PaymentTest">
    <ignored/>
  </testcase> <!-- PayNow -->
  <testcase name="BankAccountDetails" time="0.0" classname="MyAccount.com.Test.PaymentTest">
    <ignored/>
  </testcase> <!-- BankAccountDetails -->
</testsuite> <!-- Default test(failed) -->
