<?xml version="1.0" encoding="UTF-8"?>
<!-- Generated by org.testng.reporters.JUnitXMLReporter -->
<testsuite hostname="LAPTOP-I2DQ2R0M" ignored="0" name="Default test" tests="5" failures="0" timestamp="27 Jun 2019 07:25:44 GMT" time="161.602" errors="0">
  <testcase name="CreateNode" time="34.329" classname="MyAccount.com.Test.DashboardTest"/>
  <testcase name="PowerOff" time="19.604" classname="MyAccount.com.Test.DashboardTest"/>
  <testcase name="PowerOn" time="11.807" classname="MyAccount.com.Test.DashboardTest"/>
  <testcase name="Terminate" time="64.332" classname="MyAccount.com.Test.DashboardTest"/>
  <testcase name="RedirectDashboard" time="22.746" classname="MyAccount.com.Test.DashboardTest"/>
</testsuite> <!-- Default test -->
