<?xml version="1.0" encoding="UTF-8"?>
<!-- Generated by org.testng.reporters.JUnitXMLReporter -->
<testsuite hostname="LAPTOP-I2DQ2R0M" ignored="0" name="API: Generate Token" tests="3" failures="0" timestamp="10 Jul 2019 13:02:02 GMT" time="80.811" errors="0">
  <testcase name="Generate_Token" time="42.624" classname="MyAccount.com.Test.API"/>
  <testcase name="Delete_Token" time="10.763" classname="MyAccount.com.Test.API"/>
  <testcase name="Close" time="20.792" classname="MyAccount.com.Test.API"/>
</testsuite> <!-- API: Generate Token -->
