<?xml version="1.0" encoding="UTF-8"?>
<!-- Generated by org.testng.reporters.JUnitXMLReporter -->
<testsuite hostname="LAPTOP-I2DQ2R0M" ignored="0" name="Fire and Terminate Tally Appliance" tests="2" failures="0" timestamp="26 Jun 2019 06:12:55 GMT" time="96.525" errors="0">
  <testcase name="Appliance" time="60.477" classname="MyAccount.com.Test.Appliances"/>
  <testcase name="TerminateAppliance" time="27.548" classname="MyAccount.com.Test.Appliances"/>
</testsuite> <!-- Fire and Terminate Tally Appliance -->
