<?xml version="1.0" encoding="UTF-8"?>
<!-- Generated by org.testng.reporters.JUnitXMLReporter -->
<testsuite hostname="LAPTOP-I2DQ2R0M" ignored="0" name="Payment" tests="5" failures="0" timestamp="26 Jun 2019 06:17:53 GMT" time="186.479" errors="0">
  <testcase name="AccountStatement" time="16.786" classname="MyAccount.com.Test.PaymentTest"/>
  <testcase name="SignedInvoices" time="11.695" classname="MyAccount.com.Test.PaymentTest"/>
  <testcase name="BankAccountDetails" time="11.765" classname="MyAccount.com.Test.PaymentTest"/>
  <testcase name="PayNow" time="67.636" classname="MyAccount.com.Test.PaymentTest"/>
  <testcase name="RecurringPayment" time="68.495" classname="MyAccount.com.Test.PaymentTest"/>
</testsuite> <!-- Payment -->
