<?xml version="1.0" encoding="UTF-8"?>
<!-- Generated by org.testng.reporters.JUnitXMLReporter -->
<testsuite hostname="LAPTOP-I2DQ2R0M" ignored="0" name="Services: Fire and Terminate Tally Appliance" tests="2" failures="0" timestamp="01 Jul 2019 12:32:20 GMT" time="100.072" errors="0">
  <testcase name="Create_Appliance" time="61.327" classname="MyAccount.com.Test.Appliances"/>
  <testcase name="Terminate_Appliance" time="30.028" classname="MyAccount.com.Test.Appliances"/>
</testsuite> <!-- Services: Fire and Terminate Tally Appliance -->
