<?xml version="1.0" encoding="UTF-8"?>
<!-- Generated by org.testng.reporters.JUnitXMLReporter -->
<testsuite hostname="LAPTOP-I2DQ2R0M" ignored="0" name="Services: Fire and Terminate Tally Appliance" tests="3" failures="0" timestamp="10 Jul 2019 13:03:56 GMT" time="114.636" errors="0">
  <testcase name="Create_Appliance" time="59.314" classname="MyAccount.com.Test.Appliances"/>
  <testcase name="Terminate_Appliance" time="27.502" classname="MyAccount.com.Test.Appliances"/>
  <testcase name="Close" time="20.651" classname="MyAccount.com.Test.Appliances"/>
</testsuite> <!-- Services: Fire and Terminate Tally Appliance -->
