<?xml version="1.0" encoding="UTF-8"?>
<!-- Generated by org.testng.reporters.JUnitXMLReporter -->
<testsuite hostname="LAPTOP-I2DQ2R0M" ignored="0" name="Setting: Update Profile" tests="1" failures="0" timestamp="10 Jul 2019 13:05:09 GMT" time="22.791" errors="0">
  <testcase name="@BeforeTest inititalization" time="22.782" classname="MyAcount.com.Base.TestBaseNew">
    <failure type="org.openqa.selenium.TimeoutException" message="Timeout loading page after 20000ms
Build info: version: &amp;apos;3.141.59&amp;apos;, revision: &amp;apos;e82be7d358&amp;apos;, time: &amp;apos;2018-11-14T08:17:03&amp;apos;
System info: host: &amp;apos;LAPTOP-I2DQ2R0M&amp;apos;, ip: &amp;apos;10.120.10.16&amp;apos;, os.name: &amp;apos;Windows 10&amp;apos;, os.arch: &amp;apos;amd64&amp;apos;, os.version: &amp;apos;10.0&amp;apos;, java.version: &amp;apos;1.8.0_191&amp;apos;
Driver info: org.openqa.selenium.firefox.FirefoxDriver
Capabilities {acceptInsecureCerts: true, browserName: firefox, browserVersion: 68.0, javascriptEnabled: true, moz:accessibilityChecks: false, moz:buildID: 20190705220548, moz:geckodriverVersion: 0.23.0, moz:headless: false, moz:processID: 12532, moz:profile: C:\Users\E2E\AppData\Local\..., moz:shutdownTimeout: 60000, moz:useNonSpecCompliantPointerOrigin: false, moz:webdriverClick: true, pageLoadStrategy: normal, platform: WINDOWS, platformName: WINDOWS, platformVersion: 10.0, rotatable: false, setWindowRect: true, strictFileInteractability: false, timeouts: {implicit: 0, pageLoad: 300000, script: 30000}, unhandledPromptBehavior: dismiss and notify}
Session ID: 573105ef-2e96-4627-be8b-e6678827893e">
      <![CDATA[org.openqa.selenium.TimeoutException: Timeout loading page after 20000ms
Build info: version: '3.141.59', revision: 'e82be7d358', time: '2018-11-14T08:17:03'
System info: host: 'LAPTOP-I2DQ2R0M', ip: '10.120.10.16', os.name: 'Windows 10', os.arch: 'amd64', os.version: '10.0', java.version: '1.8.0_191'
Driver info: org.openqa.selenium.firefox.FirefoxDriver
Capabilities {acceptInsecureCerts: true, browserName: firefox, browserVersion: 68.0, javascriptEnabled: true, moz:accessibilityChecks: false, moz:buildID: 20190705220548, moz:geckodriverVersion: 0.23.0, moz:headless: false, moz:processID: 12532, moz:profile: C:\Users\E2E\AppData\Local\..., moz:shutdownTimeout: 60000, moz:useNonSpecCompliantPointerOrigin: false, moz:webdriverClick: true, pageLoadStrategy: normal, platform: WINDOWS, platformName: WINDOWS, platformVersion: 10.0, rotatable: false, setWindowRect: true, strictFileInteractability: false, timeouts: {implicit: 0, pageLoad: 300000, script: 30000}, unhandledPromptBehavior: dismiss and notify}
Session ID: 573105ef-2e96-4627-be8b-e6678827893e
at org.openqa.selenium.remote.http.W3CHttpResponseCodec.createException(W3CHttpResponseCodec.java:187)
at org.openqa.selenium.remote.http.W3CHttpResponseCodec.decode(W3CHttpResponseCodec.java:122)
at org.openqa.selenium.remote.http.W3CHttpResponseCodec.decode(W3CHttpResponseCodec.java:49)
at org.openqa.selenium.remote.HttpCommandExecutor.execute(HttpCommandExecutor.java:158)
at org.openqa.selenium.remote.service.DriverCommandExecutor.execute(DriverCommandExecutor.java:83)
at org.openqa.selenium.remote.RemoteWebDriver.execute(RemoteWebDriver.java:552)
at org.openqa.selenium.remote.RemoteWebDriver.get(RemoteWebDriver.java:277)
at MyAcount.com.Base.TestBaseNew.inititalization(TestBaseNew.java:83)
... Removed 28 stack frames]]>
    </failure>
  </testcase> <!-- @BeforeTest inititalization -->
  <testcase name="@BeforeClass setUp" time="0.0" classname="MyAccount.com.Test.ProfileUpdateTest">
    <skipped/>
  </testcase> <!-- @BeforeClass setUp -->
  <testcase name="updatepro" time="0.0" classname="MyAccount.com.Test.ProfileUpdateTest">
    <skipped/>
  </testcase> <!-- updatepro -->
</testsuite> <!-- Setting: Update Profile -->
