<?xml version="1.0" encoding="UTF-8"?>
<!-- Generated by org.testng.reporters.JUnitXMLReporter -->
<testsuite hostname="LAPTOP-I2DQ2R0M" ignored="0" name="Dashboard: CreateNode and Terminate" tests="6" failures="0" timestamp="04 Jul 2019 10:56:48 GMT" time="277.676" errors="0">
  <testcase name="CreateNode" time="78.965" classname="MyAccount.com.Test.DashboardTest"/>
  <testcase name="PowerOff" time="19.594" classname="MyAccount.com.Test.DashboardTest"/>
  <testcase name="PowerOn" time="11.687" classname="MyAccount.com.Test.DashboardTest"/>
  <testcase name="Terminate" time="117.569" classname="MyAccount.com.Test.DashboardTest"/>
  <testcase name="RedirectDashboard" time="21.421" classname="MyAccount.com.Test.DashboardTest"/>
  <testcase name="Close" time="20.734" classname="MyAccount.com.Test.DashboardTest"/>
</testsuite> <!-- Dashboard: CreateNode and Terminate -->
