<?xml version="1.0" encoding="UTF-8"?>
<!-- Generated by org.testng.reporters.JUnitXMLReporter -->
<testsuite hostname="LAPTOP-I2DQ2R0M" ignored="0" name="Services: Fire and Terminate Tally Appliance" tests="3" failures="0" timestamp="04 Jul 2019 11:02:01 GMT" time="119.401" errors="0">
  <testcase name="Create_Appliance" time="61.116" classname="MyAccount.com.Test.Appliances"/>
  <testcase name="Terminate_Appliance" time="30.011" classname="MyAccount.com.Test.Appliances"/>
  <testcase name="Close" time="20.812" classname="MyAccount.com.Test.Appliances"/>
</testsuite> <!-- Services: Fire and Terminate Tally Appliance -->
