<?xml version="1.0" encoding="UTF-8"?>
<testng-results skipped="0" failed="4" ignored="0" total="22" passed="18">
  <reporter-output>
  </reporter-output>
  <suite name="Suite" duration-ms="675197" started-at="2019-07-04T10:52:10Z" finished-at="2019-07-04T11:03:26Z">
    <groups>
    </groups>
    <test name="Dashboard: CreateNode and Terminate" duration-ms="277676" started-at="2019-07-04T10:52:10Z" finished-at="2019-07-04T10:56:48Z">
      <class name="MyAccount.com.Test.DashboardTest">
        <test-method status="PASS" signature="inititalization()[pri:0, instance:MyAccount.com.Test.DashboardTest@6b09bb57]" name="inititalization" is-config="true" duration-ms="5764" started-at="2019-07-04T10:52:10Z" finished-at="2019-07-04T10:52:16Z">
          <reporter-output>
          </reporter-output>
        </test-method> <!-- inititalization -->
        <test-method status="PASS" signature="setUp()[pri:0, instance:MyAccount.com.Test.DashboardTest@6b09bb57]" name="setUp" is-config="true" duration-ms="1922" started-at="2019-07-04T10:52:16Z" finished-at="2019-07-04T10:52:18Z">
          <reporter-output>
          </reporter-output>
        </test-method> <!-- setUp -->
        <test-method status="PASS" signature="CreateNode()[pri:1, instance:MyAccount.com.Test.DashboardTest@6b09bb57]" name="CreateNode" duration-ms="78965" started-at="2019-07-04T10:52:18Z" finished-at="2019-07-04T10:53:37Z">
          <reporter-output>
          </reporter-output>
        </test-method> <!-- CreateNode -->
        <test-method status="PASS" signature="PowerOff()[pri:2, instance:MyAccount.com.Test.DashboardTest@6b09bb57]" name="PowerOff" duration-ms="19594" started-at="2019-07-04T10:53:37Z" finished-at="2019-07-04T10:53:57Z">
          <reporter-output>
          </reporter-output>
        </test-method> <!-- PowerOff -->
        <test-method status="PASS" signature="PowerOn()[pri:3, instance:MyAccount.com.Test.DashboardTest@6b09bb57]" name="PowerOn" duration-ms="11687" started-at="2019-07-04T10:53:57Z" finished-at="2019-07-04T10:54:08Z">
          <reporter-output>
          </reporter-output>
        </test-method> <!-- PowerOn -->
        <test-method status="PASS" signature="Terminate()[pri:4, instance:MyAccount.com.Test.DashboardTest@6b09bb57]" name="Terminate" duration-ms="117569" started-at="2019-07-04T10:54:08Z" finished-at="2019-07-04T10:56:06Z">
          <reporter-output>
          </reporter-output>
        </test-method> <!-- Terminate -->
        <test-method status="PASS" signature="RedirectDashboard()[pri:5, instance:MyAccount.com.Test.DashboardTest@6b09bb57]" name="RedirectDashboard" duration-ms="21421" started-at="2019-07-04T10:56:06Z" finished-at="2019-07-04T10:56:27Z">
          <reporter-output>
          </reporter-output>
        </test-method> <!-- RedirectDashboard -->
        <test-method status="PASS" signature="Close()[pri:6, instance:MyAccount.com.Test.DashboardTest@6b09bb57]" name="Close" duration-ms="20734" started-at="2019-07-04T10:56:27Z" finished-at="2019-07-04T10:56:48Z">
          <reporter-output>
          </reporter-output>
        </test-method> <!-- Close -->
      </class> <!-- MyAccount.com.Test.DashboardTest -->
    </test> <!-- Dashboard: CreateNode and Terminate -->
    <test name="Payment Method" duration-ms="107821" started-at="2019-07-04T10:56:48Z" finished-at="2019-07-04T10:58:36Z">
      <class name="MyAccount.com.Test.PaymentTest">
        <test-method status="PASS" signature="inititalization()[pri:0, instance:MyAccount.com.Test.PaymentTest@5ae63ade]" name="inititalization" is-config="true" duration-ms="4952" started-at="2019-07-04T10:56:48Z" finished-at="2019-07-04T10:56:53Z">
          <reporter-output>
          </reporter-output>
        </test-method> <!-- inititalization -->
        <test-method status="PASS" signature="setUp()[pri:0, instance:MyAccount.com.Test.PaymentTest@5ae63ade]" name="setUp" is-config="true" duration-ms="1962" started-at="2019-07-04T10:56:53Z" finished-at="2019-07-04T10:56:55Z">
          <reporter-output>
          </reporter-output>
        </test-method> <!-- setUp -->
        <test-method status="PASS" signature="AccountStatement()[pri:1, instance:MyAccount.com.Test.PaymentTest@5ae63ade]" name="AccountStatement" duration-ms="16811" started-at="2019-07-04T10:56:55Z" finished-at="2019-07-04T10:57:12Z">
          <reporter-output>
          </reporter-output>
        </test-method> <!-- AccountStatement -->
        <test-method status="PASS" signature="SignedInvoices()[pri:2, instance:MyAccount.com.Test.PaymentTest@5ae63ade]" name="SignedInvoices" duration-ms="11964" started-at="2019-07-04T10:57:12Z" finished-at="2019-07-04T10:57:24Z">
          <reporter-output>
          </reporter-output>
        </test-method> <!-- SignedInvoices -->
        <test-method status="PASS" signature="BankAccountDetails()[pri:3, instance:MyAccount.com.Test.PaymentTest@5ae63ade]" name="BankAccountDetails" duration-ms="11325" started-at="2019-07-04T10:57:24Z" finished-at="2019-07-04T10:57:35Z">
          <reporter-output>
          </reporter-output>
        </test-method> <!-- BankAccountDetails -->
        <test-method status="PASS" signature="Close()[pri:4, instance:MyAccount.com.Test.PaymentTest@5ae63ade]" name="Close" duration-ms="20786" started-at="2019-07-04T10:57:35Z" finished-at="2019-07-04T10:57:56Z">
          <reporter-output>
          </reporter-output>
        </test-method> <!-- Close -->
        <test-method status="FAIL" signature="PayNow()[pri:4, instance:MyAccount.com.Test.PaymentTest@5ae63ade]" name="PayNow" duration-ms="20009" started-at="2019-07-04T10:57:56Z" finished-at="2019-07-04T10:58:16Z">
          <exception class="org.openqa.selenium.NoSuchSessionException">
            <message>
              <![CDATA[Tried to run command without establishing a connection
Build info: version: '3.141.59', revision: 'e82be7d358', time: '2018-11-14T08:17:03'
System info: host: 'LAPTOP-I2DQ2R0M', ip: '10.120.10.9', os.name: 'Windows 10', os.arch: 'amd64', os.version: '10.0', java.version: '1.8.0_191'
Driver info: org.openqa.selenium.firefox.FirefoxDriver
Capabilities {acceptInsecureCerts: true, browserName: firefox, browserVersion: 67.0.4, javascriptEnabled: true, moz:accessibilityChecks: false, moz:buildID: 20190619235627, moz:geckodriverVersion: 0.23.0, moz:headless: false, moz:processID: 25672, moz:profile: C:\Users\E2E\AppData\Local\..., moz:shutdownTimeout: 60000, moz:useNonSpecCompliantPointerOrigin: false, moz:webdriverClick: true, pageLoadStrategy: normal, platform: WINDOWS, platformName: WINDOWS, platformVersion: 10.0, rotatable: false, setWindowRect: true, strictFileInteractability: false, timeouts: {implicit: 0, pageLoad: 300000, script: 30000}, unhandledPromptBehavior: dismiss and notify}
Session ID: 8f3a373b-480f-4a65-9434-f4e4ae711c0b
*** Element info: {Using=xpath, value=//a[@href='/pay-now/'][contains(text(),'Pay Now')]}]]>
            </message>
            <full-stacktrace>
              <![CDATA[org.openqa.selenium.NoSuchSessionException: Tried to run command without establishing a connection
Build info: version: '3.141.59', revision: 'e82be7d358', time: '2018-11-14T08:17:03'
System info: host: 'LAPTOP-I2DQ2R0M', ip: '10.120.10.9', os.name: 'Windows 10', os.arch: 'amd64', os.version: '10.0', java.version: '1.8.0_191'
Driver info: org.openqa.selenium.firefox.FirefoxDriver
Capabilities {acceptInsecureCerts: true, browserName: firefox, browserVersion: 67.0.4, javascriptEnabled: true, moz:accessibilityChecks: false, moz:buildID: 20190619235627, moz:geckodriverVersion: 0.23.0, moz:headless: false, moz:processID: 25672, moz:profile: C:\Users\E2E\AppData\Local\..., moz:shutdownTimeout: 60000, moz:useNonSpecCompliantPointerOrigin: false, moz:webdriverClick: true, pageLoadStrategy: normal, platform: WINDOWS, platformName: WINDOWS, platformVersion: 10.0, rotatable: false, setWindowRect: true, strictFileInteractability: false, timeouts: {implicit: 0, pageLoad: 300000, script: 30000}, unhandledPromptBehavior: dismiss and notify}
Session ID: 8f3a373b-480f-4a65-9434-f4e4ae711c0b
*** Element info: {Using=xpath, value=//a[@href='/pay-now/'][contains(text(),'Pay Now')]}
at sun.reflect.NativeConstructorAccessorImpl.newInstance0(Native Method)
at sun.reflect.NativeConstructorAccessorImpl.newInstance(NativeConstructorAccessorImpl.java:62)
at sun.reflect.DelegatingConstructorAccessorImpl.newInstance(DelegatingConstructorAccessorImpl.java:45)
at java.lang.reflect.Constructor.newInstance(Constructor.java:423)
at org.openqa.selenium.remote.http.W3CHttpResponseCodec.createException(W3CHttpResponseCodec.java:187)
at org.openqa.selenium.remote.http.W3CHttpResponseCodec.decode(W3CHttpResponseCodec.java:122)
at org.openqa.selenium.remote.http.W3CHttpResponseCodec.decode(W3CHttpResponseCodec.java:49)
at org.openqa.selenium.remote.HttpCommandExecutor.execute(HttpCommandExecutor.java:158)
at org.openqa.selenium.remote.service.DriverCommandExecutor.execute(DriverCommandExecutor.java:83)
at org.openqa.selenium.remote.RemoteWebDriver.execute(RemoteWebDriver.java:552)
at org.openqa.selenium.remote.RemoteWebDriver.findElement(RemoteWebDriver.java:323)
at org.openqa.selenium.remote.RemoteWebDriver.findElementByXPath(RemoteWebDriver.java:428)
at org.openqa.selenium.By$ByXPath.findElement(By.java:353)
at org.openqa.selenium.remote.RemoteWebDriver.findElement(RemoteWebDriver.java:315)
at org.openqa.selenium.support.pagefactory.DefaultElementLocator.findElement(DefaultElementLocator.java:69)
at org.openqa.selenium.support.pagefactory.internal.LocatingElementHandler.invoke(LocatingElementHandler.java:38)
at com.sun.proxy.$Proxy7.click(Unknown Source)
at MyAccount.com.pages.PaymentPage.PayNow(PaymentPage.java:143)
at MyAccount.com.Test.PaymentTest.PayNow(PaymentTest.java:53)
at sun.reflect.NativeMethodAccessorImpl.invoke0(Native Method)
at sun.reflect.NativeMethodAccessorImpl.invoke(NativeMethodAccessorImpl.java:62)
at sun.reflect.DelegatingMethodAccessorImpl.invoke(DelegatingMethodAccessorImpl.java:43)
at java.lang.reflect.Method.invoke(Method.java:498)
at org.testng.internal.MethodInvocationHelper.invokeMethod(MethodInvocationHelper.java:124)
at org.testng.internal.Invoker.invokeMethod(Invoker.java:583)
at org.testng.internal.Invoker.invokeTestMethod(Invoker.java:719)
at org.testng.internal.Invoker.invokeTestMethods(Invoker.java:989)
at org.testng.internal.TestMethodWorker.invokeTestMethods(TestMethodWorker.java:125)
at org.testng.internal.TestMethodWorker.run(TestMethodWorker.java:109)
at org.testng.TestRunner.privateRun(TestRunner.java:648)
at org.testng.TestRunner.run(TestRunner.java:505)
at org.testng.SuiteRunner.runTest(SuiteRunner.java:455)
at org.testng.SuiteRunner.runSequentially(SuiteRunner.java:450)
at org.testng.SuiteRunner.privateRun(SuiteRunner.java:415)
at org.testng.SuiteRunner.run(SuiteRunner.java:364)
at org.testng.SuiteRunnerWorker.runSuite(SuiteRunnerWorker.java:52)
at org.testng.SuiteRunnerWorker.run(SuiteRunnerWorker.java:84)
at org.testng.TestNG.runSuitesSequentially(TestNG.java:1208)
at org.testng.TestNG.runSuitesLocally(TestNG.java:1137)
at org.testng.TestNG.runSuites(TestNG.java:1049)
at org.testng.TestNG.run(TestNG.java:1017)
at org.apache.maven.surefire.testng.TestNGExecutor.run(TestNGExecutor.java:283)
at org.apache.maven.surefire.testng.TestNGXmlTestSuite.execute(TestNGXmlTestSuite.java:75)
at org.apache.maven.surefire.testng.TestNGProvider.invoke(TestNGProvider.java:120)
at org.apache.maven.surefire.booter.ForkedBooter.invokeProviderInSameClassLoader(ForkedBooter.java:384)
at org.apache.maven.surefire.booter.ForkedBooter.runSuitesInProcess(ForkedBooter.java:345)
at org.apache.maven.surefire.booter.ForkedBooter.execute(ForkedBooter.java:126)
at org.apache.maven.surefire.booter.ForkedBooter.main(ForkedBooter.java:418)
]]>
            </full-stacktrace>
          </exception> <!-- org.openqa.selenium.NoSuchSessionException -->
          <reporter-output>
          </reporter-output>
        </test-method> <!-- PayNow -->
        <test-method status="FAIL" signature="RecurringPayment()[pri:5, instance:MyAccount.com.Test.PaymentTest@5ae63ade]" name="RecurringPayment" duration-ms="20004" started-at="2019-07-04T10:58:16Z" finished-at="2019-07-04T10:58:36Z">
          <exception class="org.openqa.selenium.NoSuchSessionException">
            <message>
              <![CDATA[Tried to run command without establishing a connection
Build info: version: '3.141.59', revision: 'e82be7d358', time: '2018-11-14T08:17:03'
System info: host: 'LAPTOP-I2DQ2R0M', ip: '10.120.10.9', os.name: 'Windows 10', os.arch: 'amd64', os.version: '10.0', java.version: '1.8.0_191'
Driver info: org.openqa.selenium.firefox.FirefoxDriver
Capabilities {acceptInsecureCerts: true, browserName: firefox, browserVersion: 67.0.4, javascriptEnabled: true, moz:accessibilityChecks: false, moz:buildID: 20190619235627, moz:geckodriverVersion: 0.23.0, moz:headless: false, moz:processID: 25672, moz:profile: C:\Users\E2E\AppData\Local\..., moz:shutdownTimeout: 60000, moz:useNonSpecCompliantPointerOrigin: false, moz:webdriverClick: true, pageLoadStrategy: normal, platform: WINDOWS, platformName: WINDOWS, platformVersion: 10.0, rotatable: false, setWindowRect: true, strictFileInteractability: false, timeouts: {implicit: 0, pageLoad: 300000, script: 30000}, unhandledPromptBehavior: dismiss and notify}
Session ID: 8f3a373b-480f-4a65-9434-f4e4ae711c0b
*** Element info: {Using=xpath, value=//a[@href='/paymentdetails/'][contains(text(),'Recurring Payment')]}]]>
            </message>
            <full-stacktrace>
              <![CDATA[org.openqa.selenium.NoSuchSessionException: Tried to run command without establishing a connection
Build info: version: '3.141.59', revision: 'e82be7d358', time: '2018-11-14T08:17:03'
System info: host: 'LAPTOP-I2DQ2R0M', ip: '10.120.10.9', os.name: 'Windows 10', os.arch: 'amd64', os.version: '10.0', java.version: '1.8.0_191'
Driver info: org.openqa.selenium.firefox.FirefoxDriver
Capabilities {acceptInsecureCerts: true, browserName: firefox, browserVersion: 67.0.4, javascriptEnabled: true, moz:accessibilityChecks: false, moz:buildID: 20190619235627, moz:geckodriverVersion: 0.23.0, moz:headless: false, moz:processID: 25672, moz:profile: C:\Users\E2E\AppData\Local\..., moz:shutdownTimeout: 60000, moz:useNonSpecCompliantPointerOrigin: false, moz:webdriverClick: true, pageLoadStrategy: normal, platform: WINDOWS, platformName: WINDOWS, platformVersion: 10.0, rotatable: false, setWindowRect: true, strictFileInteractability: false, timeouts: {implicit: 0, pageLoad: 300000, script: 30000}, unhandledPromptBehavior: dismiss and notify}
Session ID: 8f3a373b-480f-4a65-9434-f4e4ae711c0b
*** Element info: {Using=xpath, value=//a[@href='/paymentdetails/'][contains(text(),'Recurring Payment')]}
at sun.reflect.NativeConstructorAccessorImpl.newInstance0(Native Method)
at sun.reflect.NativeConstructorAccessorImpl.newInstance(NativeConstructorAccessorImpl.java:62)
at sun.reflect.DelegatingConstructorAccessorImpl.newInstance(DelegatingConstructorAccessorImpl.java:45)
at java.lang.reflect.Constructor.newInstance(Constructor.java:423)
at org.openqa.selenium.remote.http.W3CHttpResponseCodec.createException(W3CHttpResponseCodec.java:187)
at org.openqa.selenium.remote.http.W3CHttpResponseCodec.decode(W3CHttpResponseCodec.java:122)
at org.openqa.selenium.remote.http.W3CHttpResponseCodec.decode(W3CHttpResponseCodec.java:49)
at org.openqa.selenium.remote.HttpCommandExecutor.execute(HttpCommandExecutor.java:158)
at org.openqa.selenium.remote.service.DriverCommandExecutor.execute(DriverCommandExecutor.java:83)
at org.openqa.selenium.remote.RemoteWebDriver.execute(RemoteWebDriver.java:552)
at org.openqa.selenium.remote.RemoteWebDriver.findElements(RemoteWebDriver.java:353)
at org.openqa.selenium.remote.RemoteWebDriver.findElementsByXPath(RemoteWebDriver.java:432)
at org.openqa.selenium.By$ByXPath.findElements(By.java:348)
at org.openqa.selenium.remote.RemoteWebDriver.findElements(RemoteWebDriver.java:311)
at MyAccount.com.pages.PaymentPage.RecurringPayment(PaymentPage.java:94)
at MyAccount.com.Test.PaymentTest.RecurringPayment(PaymentTest.java:43)
at sun.reflect.NativeMethodAccessorImpl.invoke0(Native Method)
at sun.reflect.NativeMethodAccessorImpl.invoke(NativeMethodAccessorImpl.java:62)
at sun.reflect.DelegatingMethodAccessorImpl.invoke(DelegatingMethodAccessorImpl.java:43)
at java.lang.reflect.Method.invoke(Method.java:498)
at org.testng.internal.MethodInvocationHelper.invokeMethod(MethodInvocationHelper.java:124)
at org.testng.internal.Invoker.invokeMethod(Invoker.java:583)
at org.testng.internal.Invoker.invokeTestMethod(Invoker.java:719)
at org.testng.internal.Invoker.invokeTestMethods(Invoker.java:989)
at org.testng.internal.TestMethodWorker.invokeTestMethods(TestMethodWorker.java:125)
at org.testng.internal.TestMethodWorker.run(TestMethodWorker.java:109)
at org.testng.TestRunner.privateRun(TestRunner.java:648)
at org.testng.TestRunner.run(TestRunner.java:505)
at org.testng.SuiteRunner.runTest(SuiteRunner.java:455)
at org.testng.SuiteRunner.runSequentially(SuiteRunner.java:450)
at org.testng.SuiteRunner.privateRun(SuiteRunner.java:415)
at org.testng.SuiteRunner.run(SuiteRunner.java:364)
at org.testng.SuiteRunnerWorker.runSuite(SuiteRunnerWorker.java:52)
at org.testng.SuiteRunnerWorker.run(SuiteRunnerWorker.java:84)
at org.testng.TestNG.runSuitesSequentially(TestNG.java:1208)
at org.testng.TestNG.runSuitesLocally(TestNG.java:1137)
at org.testng.TestNG.runSuites(TestNG.java:1049)
at org.testng.TestNG.run(TestNG.java:1017)
at org.apache.maven.surefire.testng.TestNGExecutor.run(TestNGExecutor.java:283)
at org.apache.maven.surefire.testng.TestNGXmlTestSuite.execute(TestNGXmlTestSuite.java:75)
at org.apache.maven.surefire.testng.TestNGProvider.invoke(TestNGProvider.java:120)
at org.apache.maven.surefire.booter.ForkedBooter.invokeProviderInSameClassLoader(ForkedBooter.java:384)
at org.apache.maven.surefire.booter.ForkedBooter.runSuitesInProcess(ForkedBooter.java:345)
at org.apache.maven.surefire.booter.ForkedBooter.execute(ForkedBooter.java:126)
at org.apache.maven.surefire.booter.ForkedBooter.main(ForkedBooter.java:418)
]]>
            </full-stacktrace>
          </exception> <!-- org.openqa.selenium.NoSuchSessionException -->
          <reporter-output>
          </reporter-output>
        </test-method> <!-- RecurringPayment -->
      </class> <!-- MyAccount.com.Test.PaymentTest -->
    </test> <!-- Payment Method -->
    <test name="API: Generate Token" duration-ms="85267" started-at="2019-07-04T10:58:36Z" finished-at="2019-07-04T11:00:01Z">
      <class name="MyAccount.com.Test.API">
        <test-method status="PASS" signature="inititalization()[pri:0, instance:MyAccount.com.Test.API@2758fe70]" name="inititalization" is-config="true" duration-ms="6186" started-at="2019-07-04T10:58:36Z" finished-at="2019-07-04T10:58:42Z">
          <reporter-output>
          </reporter-output>
        </test-method> <!-- inititalization -->
        <test-method status="PASS" signature="setUp()[pri:0, instance:MyAccount.com.Test.API@2758fe70]" name="setUp" is-config="true" duration-ms="2613" started-at="2019-07-04T10:58:42Z" finished-at="2019-07-04T10:58:45Z">
          <reporter-output>
          </reporter-output>
        </test-method> <!-- setUp -->
        <test-method status="PASS" signature="Generate_Token()[pri:1, instance:MyAccount.com.Test.API@2758fe70]" name="Generate_Token" duration-ms="44024" started-at="2019-07-04T10:58:45Z" finished-at="2019-07-04T10:59:29Z">
          <reporter-output>
          </reporter-output>
        </test-method> <!-- Generate_Token -->
        <test-method status="PASS" signature="Delete_Token()[pri:2, instance:MyAccount.com.Test.API@2758fe70]" name="Delete_Token" duration-ms="11776" started-at="2019-07-04T10:59:29Z" finished-at="2019-07-04T10:59:41Z">
          <reporter-output>
          </reporter-output>
        </test-method> <!-- Delete_Token -->
        <test-method status="PASS" signature="Close()[pri:3, instance:MyAccount.com.Test.API@2758fe70]" name="Close" duration-ms="20667" started-at="2019-07-04T10:59:41Z" finished-at="2019-07-04T11:00:01Z">
          <reporter-output>
          </reporter-output>
        </test-method> <!-- Close -->
      </class> <!-- MyAccount.com.Test.API -->
    </test> <!-- API: Generate Token -->
    <test name="Services: Fire and Terminate Tally Appliance" duration-ms="119401" started-at="2019-07-04T11:00:01Z" finished-at="2019-07-04T11:02:01Z">
      <class name="MyAccount.com.Test.Appliances">
        <test-method status="PASS" signature="inititalization()[pri:0, instance:MyAccount.com.Test.Appliances@6e6c3152]" name="inititalization" is-config="true" duration-ms="4988" started-at="2019-07-04T11:00:01Z" finished-at="2019-07-04T11:00:06Z">
          <reporter-output>
          </reporter-output>
        </test-method> <!-- inititalization -->
        <test-method status="PASS" signature="setUp()[pri:0, instance:MyAccount.com.Test.Appliances@6e6c3152]" name="setUp" is-config="true" duration-ms="2473" started-at="2019-07-04T11:00:06Z" finished-at="2019-07-04T11:00:09Z">
          <reporter-output>
          </reporter-output>
        </test-method> <!-- setUp -->
        <test-method status="PASS" signature="Create_Appliance()[pri:1, instance:MyAccount.com.Test.Appliances@6e6c3152]" name="Create_Appliance" duration-ms="61116" started-at="2019-07-04T11:00:09Z" finished-at="2019-07-04T11:01:10Z">
          <reporter-output>
          </reporter-output>
        </test-method> <!-- Create_Appliance -->
        <test-method status="PASS" signature="Terminate_Appliance()[pri:2, instance:MyAccount.com.Test.Appliances@6e6c3152]" name="Terminate_Appliance" duration-ms="30011" started-at="2019-07-04T11:01:10Z" finished-at="2019-07-04T11:01:40Z">
          <reporter-output>
          </reporter-output>
        </test-method> <!-- Terminate_Appliance -->
        <test-method status="PASS" signature="Close()[pri:3, instance:MyAccount.com.Test.Appliances@6e6c3152]" name="Close" duration-ms="20812" started-at="2019-07-04T11:01:40Z" finished-at="2019-07-04T11:02:01Z">
          <reporter-output>
          </reporter-output>
        </test-method> <!-- Close -->
      </class> <!-- MyAccount.com.Test.Appliances -->
    </test> <!-- Services: Fire and Terminate Tally Appliance -->
    <test name="Services: Create SSL" duration-ms="27487" started-at="2019-07-04T11:02:01Z" finished-at="2019-07-04T11:02:28Z">
      <class name="MyAccount.com.Test.SSLTest">
        <test-method status="PASS" signature="inititalization()[pri:0, instance:MyAccount.com.Test.SSLTest@3a883ce7]" name="inititalization" is-config="true" duration-ms="4344" started-at="2019-07-04T11:02:01Z" finished-at="2019-07-04T11:02:05Z">
          <reporter-output>
          </reporter-output>
        </test-method> <!-- inititalization -->
        <test-method status="PASS" signature="setUp()[pri:0, instance:MyAccount.com.Test.SSLTest@3a883ce7]" name="setUp" is-config="true" duration-ms="2259" started-at="2019-07-04T11:02:05Z" finished-at="2019-07-04T11:02:07Z">
          <reporter-output>
          </reporter-output>
        </test-method> <!-- setUp -->
        <test-method status="PASS" signature="Close()[pri:0, instance:MyAccount.com.Test.SSLTest@3a883ce7]" name="Close" duration-ms="20879" started-at="2019-07-04T11:02:07Z" finished-at="2019-07-04T11:02:28Z">
          <reporter-output>
          </reporter-output>
        </test-method> <!-- Close -->
        <test-method status="FAIL" signature="sslfillformtest()[pri:0, instance:MyAccount.com.Test.SSLTest@3a883ce7]" name="sslfillformtest" duration-ms="4" started-at="2019-07-04T11:02:28Z" finished-at="2019-07-04T11:02:28Z">
          <exception class="org.openqa.selenium.NoSuchSessionException">
            <message>
              <![CDATA[Tried to run command without establishing a connection
Build info: version: '3.141.59', revision: 'e82be7d358', time: '2018-11-14T08:17:03'
System info: host: 'LAPTOP-I2DQ2R0M', ip: '10.120.10.9', os.name: 'Windows 10', os.arch: 'amd64', os.version: '10.0', java.version: '1.8.0_191'
Driver info: org.openqa.selenium.firefox.FirefoxDriver
Capabilities {acceptInsecureCerts: true, browserName: firefox, browserVersion: 67.0.4, javascriptEnabled: true, moz:accessibilityChecks: false, moz:buildID: 20190619235627, moz:geckodriverVersion: 0.23.0, moz:headless: false, moz:processID: 34708, moz:profile: C:\Users\E2E\AppData\Local\..., moz:shutdownTimeout: 60000, moz:useNonSpecCompliantPointerOrigin: false, moz:webdriverClick: true, pageLoadStrategy: normal, platform: WINDOWS, platformName: WINDOWS, platformVersion: 10.0, rotatable: false, setWindowRect: true, strictFileInteractability: false, timeouts: {implicit: 0, pageLoad: 300000, script: 30000}, unhandledPromptBehavior: dismiss and notify}
Session ID: 9de9e327-8815-475a-a977-5bf0ab94c01a]]>
            </message>
            <full-stacktrace>
              <![CDATA[org.openqa.selenium.NoSuchSessionException: Tried to run command without establishing a connection
Build info: version: '3.141.59', revision: 'e82be7d358', time: '2018-11-14T08:17:03'
System info: host: 'LAPTOP-I2DQ2R0M', ip: '10.120.10.9', os.name: 'Windows 10', os.arch: 'amd64', os.version: '10.0', java.version: '1.8.0_191'
Driver info: org.openqa.selenium.firefox.FirefoxDriver
Capabilities {acceptInsecureCerts: true, browserName: firefox, browserVersion: 67.0.4, javascriptEnabled: true, moz:accessibilityChecks: false, moz:buildID: 20190619235627, moz:geckodriverVersion: 0.23.0, moz:headless: false, moz:processID: 34708, moz:profile: C:\Users\E2E\AppData\Local\..., moz:shutdownTimeout: 60000, moz:useNonSpecCompliantPointerOrigin: false, moz:webdriverClick: true, pageLoadStrategy: normal, platform: WINDOWS, platformName: WINDOWS, platformVersion: 10.0, rotatable: false, setWindowRect: true, strictFileInteractability: false, timeouts: {implicit: 0, pageLoad: 300000, script: 30000}, unhandledPromptBehavior: dismiss and notify}
Session ID: 9de9e327-8815-475a-a977-5bf0ab94c01a
at sun.reflect.NativeConstructorAccessorImpl.newInstance0(Native Method)
at sun.reflect.NativeConstructorAccessorImpl.newInstance(NativeConstructorAccessorImpl.java:62)
at sun.reflect.DelegatingConstructorAccessorImpl.newInstance(DelegatingConstructorAccessorImpl.java:45)
at java.lang.reflect.Constructor.newInstance(Constructor.java:423)
at org.openqa.selenium.remote.http.W3CHttpResponseCodec.createException(W3CHttpResponseCodec.java:187)
at org.openqa.selenium.remote.http.W3CHttpResponseCodec.decode(W3CHttpResponseCodec.java:122)
at org.openqa.selenium.remote.http.W3CHttpResponseCodec.decode(W3CHttpResponseCodec.java:49)
at org.openqa.selenium.remote.HttpCommandExecutor.execute(HttpCommandExecutor.java:158)
at org.openqa.selenium.remote.service.DriverCommandExecutor.execute(DriverCommandExecutor.java:83)
at org.openqa.selenium.remote.RemoteWebDriver.execute(RemoteWebDriver.java:552)
at org.openqa.selenium.remote.RemoteWebDriver.execute(RemoteWebDriver.java:609)
at org.openqa.selenium.remote.RemoteWebDriver$RemoteNavigation.refresh(RemoteWebDriver.java:865)
at MyAccount.com.pages.SSLPage.sslfillform(SSLPage.java:93)
at MyAccount.com.Test.SSLTest.sslfillformtest(SSLTest.java:38)
at sun.reflect.NativeMethodAccessorImpl.invoke0(Native Method)
at sun.reflect.NativeMethodAccessorImpl.invoke(NativeMethodAccessorImpl.java:62)
at sun.reflect.DelegatingMethodAccessorImpl.invoke(DelegatingMethodAccessorImpl.java:43)
at java.lang.reflect.Method.invoke(Method.java:498)
at org.testng.internal.MethodInvocationHelper.invokeMethod(MethodInvocationHelper.java:124)
at org.testng.internal.Invoker.invokeMethod(Invoker.java:583)
at org.testng.internal.Invoker.invokeTestMethod(Invoker.java:719)
at org.testng.internal.Invoker.invokeTestMethods(Invoker.java:989)
at org.testng.internal.TestMethodWorker.invokeTestMethods(TestMethodWorker.java:125)
at org.testng.internal.TestMethodWorker.run(TestMethodWorker.java:109)
at org.testng.TestRunner.privateRun(TestRunner.java:648)
at org.testng.TestRunner.run(TestRunner.java:505)
at org.testng.SuiteRunner.runTest(SuiteRunner.java:455)
at org.testng.SuiteRunner.runSequentially(SuiteRunner.java:450)
at org.testng.SuiteRunner.privateRun(SuiteRunner.java:415)
at org.testng.SuiteRunner.run(SuiteRunner.java:364)
at org.testng.SuiteRunnerWorker.runSuite(SuiteRunnerWorker.java:52)
at org.testng.SuiteRunnerWorker.run(SuiteRunnerWorker.java:84)
at org.testng.TestNG.runSuitesSequentially(TestNG.java:1208)
at org.testng.TestNG.runSuitesLocally(TestNG.java:1137)
at org.testng.TestNG.runSuites(TestNG.java:1049)
at org.testng.TestNG.run(TestNG.java:1017)
at org.apache.maven.surefire.testng.TestNGExecutor.run(TestNGExecutor.java:283)
at org.apache.maven.surefire.testng.TestNGXmlTestSuite.execute(TestNGXmlTestSuite.java:75)
at org.apache.maven.surefire.testng.TestNGProvider.invoke(TestNGProvider.java:120)
at org.apache.maven.surefire.booter.ForkedBooter.invokeProviderInSameClassLoader(ForkedBooter.java:384)
at org.apache.maven.surefire.booter.ForkedBooter.runSuitesInProcess(ForkedBooter.java:345)
at org.apache.maven.surefire.booter.ForkedBooter.execute(ForkedBooter.java:126)
at org.apache.maven.surefire.booter.ForkedBooter.main(ForkedBooter.java:418)
]]>
            </full-stacktrace>
          </exception> <!-- org.openqa.selenium.NoSuchSessionException -->
          <reporter-output>
          </reporter-output>
        </test-method> <!-- sslfillformtest -->
      </class> <!-- MyAccount.com.Test.SSLTest -->
    </test> <!-- Services: Create SSL -->
    <test name="Setting: Update Profile" duration-ms="57407" started-at="2019-07-04T11:02:28Z" finished-at="2019-07-04T11:03:26Z">
      <class name="MyAccount.com.Test.ProfileUpdateTest">
        <test-method status="PASS" signature="inititalization()[pri:0, instance:MyAccount.com.Test.ProfileUpdateTest@3224f60b]" name="inititalization" is-config="true" duration-ms="22534" started-at="2019-07-04T11:02:28Z" finished-at="2019-07-04T11:02:51Z">
          <reporter-output>
          </reporter-output>
        </test-method> <!-- inititalization -->
        <test-method status="PASS" signature="setUp()[pri:0, instance:MyAccount.com.Test.ProfileUpdateTest@3224f60b]" name="setUp" is-config="true" duration-ms="14079" started-at="2019-07-04T11:02:51Z" finished-at="2019-07-04T11:03:05Z">
          <reporter-output>
          </reporter-output>
        </test-method> <!-- setUp -->
        <test-method status="PASS" signature="Close()[pri:0, instance:MyAccount.com.Test.ProfileUpdateTest@3224f60b]" name="Close" duration-ms="20790" started-at="2019-07-04T11:03:05Z" finished-at="2019-07-04T11:03:26Z">
          <reporter-output>
          </reporter-output>
        </test-method> <!-- Close -->
        <test-method status="FAIL" signature="updatepro()[pri:0, instance:MyAccount.com.Test.ProfileUpdateTest@3224f60b]" name="updatepro" duration-ms="3" started-at="2019-07-04T11:03:26Z" finished-at="2019-07-04T11:03:26Z">
          <exception class="org.openqa.selenium.NoSuchSessionException">
            <message>
              <![CDATA[Tried to run command without establishing a connection
Build info: version: '3.141.59', revision: 'e82be7d358', time: '2018-11-14T08:17:03'
System info: host: 'LAPTOP-I2DQ2R0M', ip: '10.120.10.9', os.name: 'Windows 10', os.arch: 'amd64', os.version: '10.0', java.version: '1.8.0_191'
Driver info: org.openqa.selenium.firefox.FirefoxDriver
Capabilities {acceptInsecureCerts: true, browserName: firefox, browserVersion: 67.0.4, javascriptEnabled: true, moz:accessibilityChecks: false, moz:buildID: 20190619235627, moz:geckodriverVersion: 0.23.0, moz:headless: false, moz:processID: 30184, moz:profile: C:\Users\E2E\AppData\Local\..., moz:shutdownTimeout: 60000, moz:useNonSpecCompliantPointerOrigin: false, moz:webdriverClick: true, pageLoadStrategy: normal, platform: WINDOWS, platformName: WINDOWS, platformVersion: 10.0, rotatable: false, setWindowRect: true, strictFileInteractability: false, timeouts: {implicit: 0, pageLoad: 300000, script: 30000}, unhandledPromptBehavior: dismiss and notify}
Session ID: 13a32446-2f2b-4bef-b441-fa796e343dd6]]>
            </message>
            <full-stacktrace>
              <![CDATA[org.openqa.selenium.NoSuchSessionException: Tried to run command without establishing a connection
Build info: version: '3.141.59', revision: 'e82be7d358', time: '2018-11-14T08:17:03'
System info: host: 'LAPTOP-I2DQ2R0M', ip: '10.120.10.9', os.name: 'Windows 10', os.arch: 'amd64', os.version: '10.0', java.version: '1.8.0_191'
Driver info: org.openqa.selenium.firefox.FirefoxDriver
Capabilities {acceptInsecureCerts: true, browserName: firefox, browserVersion: 67.0.4, javascriptEnabled: true, moz:accessibilityChecks: false, moz:buildID: 20190619235627, moz:geckodriverVersion: 0.23.0, moz:headless: false, moz:processID: 30184, moz:profile: C:\Users\E2E\AppData\Local\..., moz:shutdownTimeout: 60000, moz:useNonSpecCompliantPointerOrigin: false, moz:webdriverClick: true, pageLoadStrategy: normal, platform: WINDOWS, platformName: WINDOWS, platformVersion: 10.0, rotatable: false, setWindowRect: true, strictFileInteractability: false, timeouts: {implicit: 0, pageLoad: 300000, script: 30000}, unhandledPromptBehavior: dismiss and notify}
Session ID: 13a32446-2f2b-4bef-b441-fa796e343dd6
at sun.reflect.NativeConstructorAccessorImpl.newInstance0(Native Method)
at sun.reflect.NativeConstructorAccessorImpl.newInstance(NativeConstructorAccessorImpl.java:62)
at sun.reflect.DelegatingConstructorAccessorImpl.newInstance(DelegatingConstructorAccessorImpl.java:45)
at java.lang.reflect.Constructor.newInstance(Constructor.java:423)
at org.openqa.selenium.remote.http.W3CHttpResponseCodec.createException(W3CHttpResponseCodec.java:187)
at org.openqa.selenium.remote.http.W3CHttpResponseCodec.decode(W3CHttpResponseCodec.java:122)
at org.openqa.selenium.remote.http.W3CHttpResponseCodec.decode(W3CHttpResponseCodec.java:49)
at org.openqa.selenium.remote.HttpCommandExecutor.execute(HttpCommandExecutor.java:158)
at org.openqa.selenium.remote.service.DriverCommandExecutor.execute(DriverCommandExecutor.java:83)
at org.openqa.selenium.remote.RemoteWebDriver.execute(RemoteWebDriver.java:552)
at org.openqa.selenium.remote.RemoteWebDriver.execute(RemoteWebDriver.java:609)
at org.openqa.selenium.remote.RemoteWebDriver$RemoteNavigation.refresh(RemoteWebDriver.java:865)
at MyAccount.com.pages.ProfileUpdate.proupdate(ProfileUpdate.java:57)
at MyAccount.com.Test.ProfileUpdateTest.updatepro(ProfileUpdateTest.java:37)
at sun.reflect.NativeMethodAccessorImpl.invoke0(Native Method)
at sun.reflect.NativeMethodAccessorImpl.invoke(NativeMethodAccessorImpl.java:62)
at sun.reflect.DelegatingMethodAccessorImpl.invoke(DelegatingMethodAccessorImpl.java:43)
at java.lang.reflect.Method.invoke(Method.java:498)
at org.testng.internal.MethodInvocationHelper.invokeMethod(MethodInvocationHelper.java:124)
at org.testng.internal.Invoker.invokeMethod(Invoker.java:583)
at org.testng.internal.Invoker.invokeTestMethod(Invoker.java:719)
at org.testng.internal.Invoker.invokeTestMethods(Invoker.java:989)
at org.testng.internal.TestMethodWorker.invokeTestMethods(TestMethodWorker.java:125)
at org.testng.internal.TestMethodWorker.run(TestMethodWorker.java:109)
at org.testng.TestRunner.privateRun(TestRunner.java:648)
at org.testng.TestRunner.run(TestRunner.java:505)
at org.testng.SuiteRunner.runTest(SuiteRunner.java:455)
at org.testng.SuiteRunner.runSequentially(SuiteRunner.java:450)
at org.testng.SuiteRunner.privateRun(SuiteRunner.java:415)
at org.testng.SuiteRunner.run(SuiteRunner.java:364)
at org.testng.SuiteRunnerWorker.runSuite(SuiteRunnerWorker.java:52)
at org.testng.SuiteRunnerWorker.run(SuiteRunnerWorker.java:84)
at org.testng.TestNG.runSuitesSequentially(TestNG.java:1208)
at org.testng.TestNG.runSuitesLocally(TestNG.java:1137)
at org.testng.TestNG.runSuites(TestNG.java:1049)
at org.testng.TestNG.run(TestNG.java:1017)
at org.apache.maven.surefire.testng.TestNGExecutor.run(TestNGExecutor.java:283)
at org.apache.maven.surefire.testng.TestNGXmlTestSuite.execute(TestNGXmlTestSuite.java:75)
at org.apache.maven.surefire.testng.TestNGProvider.invoke(TestNGProvider.java:120)
at org.apache.maven.surefire.booter.ForkedBooter.invokeProviderInSameClassLoader(ForkedBooter.java:384)
at org.apache.maven.surefire.booter.ForkedBooter.runSuitesInProcess(ForkedBooter.java:345)
at org.apache.maven.surefire.booter.ForkedBooter.execute(ForkedBooter.java:126)
at org.apache.maven.surefire.booter.ForkedBooter.main(ForkedBooter.java:418)
]]>
            </full-stacktrace>
          </exception> <!-- org.openqa.selenium.NoSuchSessionException -->
          <reporter-output>
          </reporter-output>
        </test-method> <!-- updatepro -->
      </class> <!-- MyAccount.com.Test.ProfileUpdateTest -->
    </test> <!-- Setting: Update Profile -->
  </suite> <!-- Suite -->
</testng-results>
