<?xml version="1.0" encoding="UTF-8"?>
<testsuite xmlns:xsi="http://www.w3.org/2001/XMLSchema-instance" xsi:noNamespaceSchemaLocation="https://maven.apache.org/surefire/maven-surefire-plugin/xsd/surefire-test-report-3.0.xsd" version="3.0" name="TestSuite" time="725.682" tests="16" errors="0" skipped="0" failures="3">
  <properties>
[...]
</properties>
  <testcase name="CreateNode" classname="MyAccount.com.Test.DashboardTest" time="80.459"/>
  <testcase name="PowerOff" classname="MyAccount.com.Test.DashboardTest" time="32.78">
    <failure message="Element &lt;div class=&quot;btn btn-default refresh-span-node fa fa-repeat&quot;&gt; is not clickable at point (1298,237) because another element &lt;div id=&quot;poweroff_modal&quot; class=&quot;modal fade in&quot;&gt; obscures it&#10;Build info: version: &apos;3.141.59&apos;, revision: &apos;e82be7d358&apos;, time: &apos;2018-11-14T08:17:03&apos;&#10;System info: host: &apos;LAPTOP-I2DQ2R0M&apos;, ip: &apos;10.120.10.21&apos;, os.name: &apos;Windows 10&apos;, os.arch: &apos;amd64&apos;, os.version: &apos;10.0&apos;, java.version: &apos;1.8.0_191&apos;&#10;Driver info: org.openqa.selenium.firefox.FirefoxDriver&#10;Capabilities {acceptInsecureCerts: true, browserName: firefox, browserVersion: 67.0.4, javascriptEnabled: true, moz:accessibilityChecks: false, moz:buildID: 20190619235627, moz:geckodriverVersion: 0.23.0, moz:headless: false, moz:processID: 11228, moz:profile: C:\Users\E2E\AppData\Local\..., moz:shutdownTimeout: 60000, moz:useNonSpecCompliantPointerOrigin: false, moz:webdriverClick: true, pageLoadStrategy: normal, platform: WINDOWS, platformName: WINDOWS, platformVersion: 10.0, rotatable: false, setWindowRect: true, strictFileInteractability: false, timeouts: {implicit: 0, pageLoad: 300000, script: 30000}, unhandledPromptBehavior: dismiss and notify}&#10;Session ID: fbd86bd3-7e5d-45c2-9cb6-881045183ed0" type="org.openqa.selenium.ElementClickInterceptedException"><![CDATA[org.openqa.selenium.ElementClickInterceptedException: 
Element <div class="btn btn-default refresh-span-node fa fa-repeat"> is not clickable at point (1298,237) because another element <div id="poweroff_modal" class="modal fade in"> obscures it
Build info: version: '3.141.59', revision: 'e82be7d358', time: '2018-11-14T08:17:03'
System info: host: 'LAPTOP-I2DQ2R0M', ip: '10.120.10.21', os.name: 'Windows 10', os.arch: 'amd64', os.version: '10.0', java.version: '1.8.0_191'
Driver info: org.openqa.selenium.firefox.FirefoxDriver
Capabilities {acceptInsecureCerts: true, browserName: firefox, browserVersion: 67.0.4, javascriptEnabled: true, moz:accessibilityChecks: false, moz:buildID: 20190619235627, moz:geckodriverVersion: 0.23.0, moz:headless: false, moz:processID: 11228, moz:profile: C:\Users\E2E\AppData\Local\..., moz:shutdownTimeout: 60000, moz:useNonSpecCompliantPointerOrigin: false, moz:webdriverClick: true, pageLoadStrategy: normal, platform: WINDOWS, platformName: WINDOWS, platformVersion: 10.0, rotatable: false, setWindowRect: true, strictFileInteractability: false, timeouts: {implicit: 0, pageLoad: 300000, script: 30000}, unhandledPromptBehavior: dismiss and notify}
Session ID: fbd86bd3-7e5d-45c2-9cb6-881045183ed0
	at MyAccount.com.Test.DashboardTest.PowerOff(DashboardTest.java:54)
]]></failure>
    <system-out><![CDATA[Browser Name: Firefox
]]></system-out>
    <system-err><![CDATA[JavaScript error: https://myaccount.e2enetworks.com/infra/vcn/, line 3561: ReferenceError: ga is not defined
]]></system-err>
  </testcase>
  <testcase name="PowerOn" classname="MyAccount.com.Test.DashboardTest" time="11.278">
    <failure message="Element &lt;input name=&quot;rebootnode&quot; type=&quot;checkbox&quot;&gt; could not be scrolled into view&#10;Build info: version: &apos;3.141.59&apos;, revision: &apos;e82be7d358&apos;, time: &apos;2018-11-14T08:17:03&apos;&#10;System info: host: &apos;LAPTOP-I2DQ2R0M&apos;, ip: &apos;10.120.10.21&apos;, os.name: &apos;Windows 10&apos;, os.arch: &apos;amd64&apos;, os.version: &apos;10.0&apos;, java.version: &apos;1.8.0_191&apos;&#10;Driver info: org.openqa.selenium.firefox.FirefoxDriver&#10;Capabilities {acceptInsecureCerts: true, browserName: firefox, browserVersion: 67.0.4, javascriptEnabled: true, moz:accessibilityChecks: false, moz:buildID: 20190619235627, moz:geckodriverVersion: 0.23.0, moz:headless: false, moz:processID: 11228, moz:profile: C:\Users\E2E\AppData\Local\..., moz:shutdownTimeout: 60000, moz:useNonSpecCompliantPointerOrigin: false, moz:webdriverClick: true, pageLoadStrategy: normal, platform: WINDOWS, platformName: WINDOWS, platformVersion: 10.0, rotatable: false, setWindowRect: true, strictFileInteractability: false, timeouts: {implicit: 0, pageLoad: 300000, script: 30000}, unhandledPromptBehavior: dismiss and notify}&#10;Session ID: fbd86bd3-7e5d-45c2-9cb6-881045183ed0" type="org.openqa.selenium.ElementNotInteractableException"><![CDATA[org.openqa.selenium.ElementNotInteractableException: 
Element <input name="rebootnode" type="checkbox"> could not be scrolled into view
Build info: version: '3.141.59', revision: 'e82be7d358', time: '2018-11-14T08:17:03'
System info: host: 'LAPTOP-I2DQ2R0M', ip: '10.120.10.21', os.name: 'Windows 10', os.arch: 'amd64', os.version: '10.0', java.version: '1.8.0_191'
Driver info: org.openqa.selenium.firefox.FirefoxDriver
Capabilities {acceptInsecureCerts: true, browserName: firefox, browserVersion: 67.0.4, javascriptEnabled: true, moz:accessibilityChecks: false, moz:buildID: 20190619235627, moz:geckodriverVersion: 0.23.0, moz:headless: false, moz:processID: 11228, moz:profile: C:\Users\E2E\AppData\Local\..., moz:shutdownTimeout: 60000, moz:useNonSpecCompliantPointerOrigin: false, moz:webdriverClick: true, pageLoadStrategy: normal, platform: WINDOWS, platformName: WINDOWS, platformVersion: 10.0, rotatable: false, setWindowRect: true, strictFileInteractability: false, timeouts: {implicit: 0, pageLoad: 300000, script: 30000}, unhandledPromptBehavior: dismiss and notify}
Session ID: fbd86bd3-7e5d-45c2-9cb6-881045183ed0
	at MyAccount.com.Test.DashboardTest.PowerOn(DashboardTest.java:62)
]]></failure>
    <system-out><![CDATA[Browser Name: Firefox
]]></system-out>
  </testcase>
  <testcase name="Terminate" classname="MyAccount.com.Test.DashboardTest" time="122.425"/>
  <testcase name="RedirectDashboard" classname="MyAccount.com.Test.DashboardTest" time="21.525"/>
  <testcase name="AccountStatement" classname="MyAccount.com.Test.PaymentTest" time="17.165"/>
  <testcase name="SignedInvoices" classname="MyAccount.com.Test.PaymentTest" time="11.718"/>
  <testcase name="BankAccountDetails" classname="MyAccount.com.Test.PaymentTest" time="12.662"/>
  <testcase name="PayNow" classname="MyAccount.com.Test.PaymentTest" time="71.538"/>
  <testcase name="RecurringPayment" classname="MyAccount.com.Test.PaymentTest" time="38.887">
    <failure message="Element &lt;span class=&quot;proceed-btn&quot;&gt; is not clickable at point (769,544) because another element &lt;div class=&quot;pad recurring-message&quot;&gt; obscures it&#10;Build info: version: &apos;3.141.59&apos;, revision: &apos;e82be7d358&apos;, time: &apos;2018-11-14T08:17:03&apos;&#10;System info: host: &apos;LAPTOP-I2DQ2R0M&apos;, ip: &apos;10.120.10.21&apos;, os.name: &apos;Windows 10&apos;, os.arch: &apos;amd64&apos;, os.version: &apos;10.0&apos;, java.version: &apos;1.8.0_191&apos;&#10;Driver info: org.openqa.selenium.firefox.FirefoxDriver&#10;Capabilities {acceptInsecureCerts: true, browserName: firefox, browserVersion: 67.0.4, javascriptEnabled: true, moz:accessibilityChecks: false, moz:buildID: 20190619235627, moz:geckodriverVersion: 0.23.0, moz:headless: false, moz:processID: 12088, moz:profile: C:\Users\E2E\AppData\Local\..., moz:shutdownTimeout: 60000, moz:useNonSpecCompliantPointerOrigin: false, moz:webdriverClick: true, pageLoadStrategy: normal, platform: WINDOWS, platformName: WINDOWS, platformVersion: 10.0, rotatable: false, setWindowRect: true, strictFileInteractability: false, timeouts: {implicit: 0, pageLoad: 300000, script: 30000}, unhandledPromptBehavior: dismiss and notify}&#10;Session ID: 10b65e2e-a436-4d6b-af27-32b554e4c7ac" type="org.openqa.selenium.ElementClickInterceptedException"><![CDATA[org.openqa.selenium.ElementClickInterceptedException: 
Element <span class="proceed-btn"> is not clickable at point (769,544) because another element <div class="pad recurring-message"> obscures it
Build info: version: '3.141.59', revision: 'e82be7d358', time: '2018-11-14T08:17:03'
System info: host: 'LAPTOP-I2DQ2R0M', ip: '10.120.10.21', os.name: 'Windows 10', os.arch: 'amd64', os.version: '10.0', java.version: '1.8.0_191'
Driver info: org.openqa.selenium.firefox.FirefoxDriver
Capabilities {acceptInsecureCerts: true, browserName: firefox, browserVersion: 67.0.4, javascriptEnabled: true, moz:accessibilityChecks: false, moz:buildID: 20190619235627, moz:geckodriverVersion: 0.23.0, moz:headless: false, moz:processID: 12088, moz:profile: C:\Users\E2E\AppData\Local\..., moz:shutdownTimeout: 60000, moz:useNonSpecCompliantPointerOrigin: false, moz:webdriverClick: true, pageLoadStrategy: normal, platform: WINDOWS, platformName: WINDOWS, platformVersion: 10.0, rotatable: false, setWindowRect: true, strictFileInteractability: false, timeouts: {implicit: 0, pageLoad: 300000, script: 30000}, unhandledPromptBehavior: dismiss and notify}
Session ID: 10b65e2e-a436-4d6b-af27-32b554e4c7ac
	at MyAccount.com.Test.PaymentTest.RecurringPayment(PaymentTest.java:43)
]]></failure>
    <system-out><![CDATA[Browser Name: Firefox
]]></system-out>
    <system-err><![CDATA[1562147048437	Marionette	WARN	TimedPromise timed out after 500 ms: stacktrace:
bail@chrome://marionette/content/sync.js:223:64
JavaScript error: https://myaccount.e2enetworks.com/paymentdetails/, line 3624: ReferenceError: ga is not defined
1562147056425	Marionette	WARN	TimedPromise timed out after 500 ms: stacktrace:
bail@chrome://marionette/content/sync.js:223:64
]]></system-err>
  </testcase>
  <testcase name="Generate_Token" classname="MyAccount.com.Test.API" time="45.862"/>
  <testcase name="Delete_Token" classname="MyAccount.com.Test.API" time="15.997"/>
  <testcase name="Create_Appliance" classname="MyAccount.com.Test.Appliances" time="61.417"/>
  <testcase name="Terminate_Appliance" classname="MyAccount.com.Test.Appliances" time="30.018"/>
  <testcase name="sslfillformtest" classname="MyAccount.com.Test.SSLTest" time="47.465"/>
  <testcase name="updatepro" classname="MyAccount.com.Test.ProfileUpdateTest" time="33.674"/>
</testsuite>