<?xml version="1.0" encoding="UTF-8"?>
<testsuite name="Services: Fire and Terminate Tally Appliance"
           tests="3"
           failures="0"
           errors="0"
           skipped="0"
           time="107.467">
  <properties />
  
  
            <testcase name="Close" time="20.651" classname="MyAccount.com.Test.Appliances" />
                <testcase name="Create_Appliance" time="59.314" classname="MyAccount.com.Test.Appliances" />
                <testcase name="Terminate_Appliance" time="27.502" classname="MyAccount.com.Test.Appliances" />
      
</testsuite>
