<?xml version="1.0" encoding="UTF-8"?>
<testsuite name="Dashboard: CreateNode and Terminate"
           tests="8"
           failures="1"
           errors="0"
           skipped="7"
           time="2.720">
  <properties />
            <testcase name="inititalization" time="2.720" classname="MyAccount.com.Test.DashboardTest">
                <failure type="org.openqa.selenium.WebDriverException"
                  message="permission denied
Build info: version: &apos;3.141.59&apos;, revision: &apos;e82be7d358&apos;, time: &apos;2018-11-14T08:17:03&apos;
System info: host: &apos;LAPTOP-I2DQ2R0M&apos;, ip: &apos;10.120.10.32&apos;, os.name: &apos;Windows 10&apos;, os.arch: &apos;amd64&apos;, os.version: &apos;10.0&apos;, java.version: &apos;1.8.0_191&apos;
Driver info: driver.version: FirefoxDriver
remote stacktrace: "
              >
<![CDATA[org.openqa.selenium.WebDriverException: permission denied
Build info: version: '3.141.59', revision: 'e82be7d358', time: '2018-11-14T08:17:03'
System info: host: 'LAPTOP-I2DQ2R0M', ip: '10.120.10.32', os.name: 'Windows 10', os.arch: 'amd64', os.version: '10.0', java.version: '1.8.0_191'
Driver info: driver.version: FirefoxDriver
remote stacktrace: 
  sun.reflect.NativeConstructorAccessorImpl.newInstance0(Native Method)
  sun.reflect.NativeConstructorAccessorImpl.newInstance(NativeConstructorAccessorImpl.java:62)
  sun.reflect.DelegatingConstructorAccessorImpl.newInstance(DelegatingConstructorAccessorImpl.java:45)
  java.lang.reflect.Constructor.newInstance(Constructor.java:423)
  org.openqa.selenium.remote.W3CHandshakeResponse.lambda$errorHandler$0(W3CHandshakeResponse.java:62)
  org.openqa.selenium.remote.HandshakeResponse.lambda$getResponseFunction$0(HandshakeResponse.java:30)
  org.openqa.selenium.remote.ProtocolHandshake.lambda$createSession$0(ProtocolHandshake.java:126)
  java.util.stream.ReferencePipeline$3$1.accept(ReferencePipeline.java:193)
  java.util.Spliterators$ArraySpliterator.tryAdvance(Spliterators.java:958)
  java.util.stream.ReferencePipeline.forEachWithCancel(ReferencePipeline.java:126)
  java.util.stream.AbstractPipeline.copyIntoWithCancel(AbstractPipeline.java:498)
  java.util.stream.AbstractPipeline.copyInto(AbstractPipeline.java:485)
  java.util.stream.AbstractPipeline.wrapAndCopyInto(AbstractPipeline.java:471)
  java.util.stream.FindOps$FindOp.evaluateSequential(FindOps.java:152)
  java.util.stream.AbstractPipeline.evaluate(AbstractPipeline.java:234)
  java.util.stream.ReferencePipeline.findFirst(ReferencePipeline.java:464)
  org.openqa.selenium.remote.ProtocolHandshake.createSession(ProtocolHandshake.java:128)
  org.openqa.selenium.remote.ProtocolHandshake.createSession(ProtocolHandshake.java:74)
  org.openqa.selenium.remote.HttpCommandExecutor.execute(HttpCommandExecutor.java:136)
  org.openqa.selenium.remote.service.DriverCommandExecutor.execute(DriverCommandExecutor.java:83)
  org.openqa.selenium.remote.RemoteWebDriver.execute(RemoteWebDriver.java:552)
  org.openqa.selenium.remote.RemoteWebDriver.startSession(RemoteWebDriver.java:213)
  org.openqa.selenium.remote.RemoteWebDriver.<init>(RemoteWebDriver.java:131)
  org.openqa.selenium.firefox.FirefoxDriver.<init>(FirefoxDriver.java:147)
  org.openqa.selenium.firefox.FirefoxDriver.<init>(FirefoxDriver.java:125)
  MyAcount.com.Base.TestBaseNew.inititalization(TestBaseNew.java:55)
  sun.reflect.NativeMethodAccessorImpl.invoke0(Native Method)
  sun.reflect.NativeMethodAccessorImpl.invoke(NativeMethodAccessorImpl.java:62)
  sun.reflect.DelegatingMethodAccessorImpl.invoke(DelegatingMethodAccessorImpl.java:43)
  java.lang.reflect.Method.invoke(Method.java:498)
  org.testng.internal.MethodInvocationHelper.invokeMethod(MethodInvocationHelper.java:124)
  org.testng.internal.MethodInvocationHelper.invokeMethodConsideringTimeout(MethodInvocationHelper.java:59)
  org.testng.internal.Invoker.invokeConfigurationMethod(Invoker.java:458)
  org.testng.internal.Invoker.invokeConfigurations(Invoker.java:222)
  org.testng.internal.Invoker.invokeConfigurations(Invoker.java:142)
  org.testng.TestRunner.beforeRun(TestRunner.java:529)
  org.testng.TestRunner.run(TestRunner.java:497)
  org.testng.SuiteRunner.runTest(SuiteRunner.java:455)
  org.testng.SuiteRunner.runSequentially(SuiteRunner.java:450)
  org.testng.SuiteRunner.privateRun(SuiteRunner.java:415)
  org.testng.SuiteRunner.run(SuiteRunner.java:364)
  org.testng.SuiteRunnerWorker.runSuite(SuiteRunnerWorker.java:52)
  org.testng.SuiteRunnerWorker.run(SuiteRunnerWorker.java:84)
  org.testng.TestNG.runSuitesSequentially(TestNG.java:1208)
  org.testng.TestNG.runSuitesLocally(TestNG.java:1137)
  org.testng.TestNG.runSuites(TestNG.java:1049)
  org.testng.TestNG.run(TestNG.java:1017)
  org.testng.remote.AbstractRemoteTestNG.run(AbstractRemoteTestNG.java:115)
  org.testng.remote.RemoteTestNG.initAndRun(RemoteTestNG.java:251)
  org.testng.remote.RemoteTestNG.main(RemoteTestNG.java:77)
]]>
      </failure>

          </testcase>
  
            <testcase name="setUp" time="0.0" classname="MyAccount.com.Test.DashboardTest">
          <skipped />
    </testcase>
            <testcase name="CreateNode" time="0.0" classname="MyAccount.com.Test.DashboardTest">
          <skipped />
    </testcase>
            <testcase name="RedirectDashboard" time="0.0" classname="MyAccount.com.Test.DashboardTest">
          <skipped />
    </testcase>
            <testcase name="PowerOff" time="0.0" classname="MyAccount.com.Test.DashboardTest">
          <skipped />
    </testcase>
            <testcase name="Close" time="0.0" classname="MyAccount.com.Test.DashboardTest">
          <skipped />
    </testcase>
            <testcase name="Terminate" time="0.0" classname="MyAccount.com.Test.DashboardTest">
          <skipped />
    </testcase>
            <testcase name="PowerOn" time="0.0" classname="MyAccount.com.Test.DashboardTest">
          <skipped />
    </testcase>
  
  
</testsuite>
