<?xml version="1.0" encoding="UTF-8"?>
<testsuite name="API: Generate Token"
           tests="3"
           failures="0"
           errors="0"
           skipped="0"
           time="74.179">
  <properties />
  
  
            <testcase name="Generate_Token" time="42.624" classname="MyAccount.com.Test.API" />
                <testcase name="Close" time="20.792" classname="MyAccount.com.Test.API" />
                <testcase name="Delete_Token" time="10.763" classname="MyAccount.com.Test.API" />
      
</testsuite>
