<?xml version="1.0" encoding="UTF-8"?>
<testsuite name="Services: Fire and Terminate Tally Appliance"
           tests="3"
           failures="0"
           errors="0"
           skipped="0"
           time="111.939">
  <properties />
  
  
            <testcase name="Create_Appliance" time="61.116" classname="MyAccount.com.Test.Appliances" />
                <testcase name="Terminate_Appliance" time="30.011" classname="MyAccount.com.Test.Appliances" />
                <testcase name="Close" time="20.812" classname="MyAccount.com.Test.Appliances" />
      
</testsuite>
