<?xml version="1.0" encoding="UTF-8"?>
<testsuite name="Dashboard: CreateNode and Terminate"
           tests="6"
           failures="0"
           errors="0"
           skipped="0"
           time="269.970">
  <properties />
  
  
            <testcase name="Terminate" time="117.569" classname="MyAccount.com.Test.DashboardTest" />
                <testcase name="PowerOn" time="11.687" classname="MyAccount.com.Test.DashboardTest" />
                <testcase name="RedirectDashboard" time="21.421" classname="MyAccount.com.Test.DashboardTest" />
                <testcase name="CreateNode" time="78.965" classname="MyAccount.com.Test.DashboardTest" />
                <testcase name="PowerOff" time="19.594" classname="MyAccount.com.Test.DashboardTest" />
                <testcase name="Close" time="20.734" classname="MyAccount.com.Test.DashboardTest" />
      
</testsuite>
